INFO 2026-05-14 19:41:03,817 views New user registered: bhawya
DEBUG 2026-05-14 19:41:15,329 views User 1 fetched expenses | filters: category=None start=None end=None
ERROR 2026-05-14 19:41:40,866 views Google OAuth callback error: (invalid_grant) Missing code verifier.
Traceback (most recent call last):
  File "/Users/bhawyagulati/Documents/Projects/Expense-Tracker /expensetracker/expenses/views.py", line 201, in google_callback
    flow.fetch_token(code=code)
    ~~~~~~~~~~~~~~~~^^^^^^^^^^^
  File "/Library/Frameworks/Python.framework/Versions/3.13/lib/python3.13/site-packages/google_auth_oauthlib/flow.py", line 285, in fetch_token
    return self.oauth2session.fetch_token(self.client_config["token_uri"], **kwargs)
           ~~~~~~~~~~~~~~~~~~~~~~~~~~~~~~^^^^^^^^^^^^^^^^^^^^^^^^^^^^^^^^^^^^^^^^^^^
  File "/Library/Frameworks/Python.framework/Versions/3.13/lib/python3.13/site-packages/requests_oauthlib/oauth2_session.py", line 406, in fetch_token
    self._client.parse_request_body_response(r.text, scope=self.scope)
    ~~~~~~~~~~~~~~~~~~~~~~~~~~~~~~~~~~~~~~~~^^^^^^^^^^^^^^^^^^^^^^^^^^
  File "/Library/Frameworks/Python.framework/Versions/3.13/lib/python3.13/site-packages/oauthlib/oauth2/rfc6749/clients/base.py", line 426, in parse_request_body_response
    self.token = parse_token_response(body, scope=scope)
                 ~~~~~~~~~~~~~~~~~~~~^^^^^^^^^^^^^^^^^^^
  File "/Library/Frameworks/Python.framework/Versions/3.13/lib/python3.13/site-packages/oauthlib/oauth2/rfc6749/parameters.py", line 444, in parse_token_response
    validate_token_parameters(params)
    ~~~~~~~~~~~~~~~~~~~~~~~~~^^^^^^^^
  File "/Library/Frameworks/Python.framework/Versions/3.13/lib/python3.13/site-packages/oauthlib/oauth2/rfc6749/parameters.py", line 451, in validate_token_parameters
    raise_from_error(params.get('error'), params)
    ~~~~~~~~~~~~~~~~^^^^^^^^^^^^^^^^^^^^^^^^^^^^^
  File "/Library/Frameworks/Python.framework/Versions/3.13/lib/python3.13/site-packages/oauthlib/oauth2/rfc6749/errors.py", line 398, in raise_from_error
    raise cls(**kwargs)
oauthlib.oauth2.rfc6749.errors.InvalidGrantError: (invalid_grant) Missing code verifier.
ERROR 2026-05-14 19:41:40,927 log Internal Server Error: /
Traceback (most recent call last):
  File "/Library/Frameworks/Python.framework/Versions/3.13/lib/python3.13/site-packages/django/core/handlers/exception.py", line 55, in inner
    response = get_response(request)
  File "/Library/Frameworks/Python.framework/Versions/3.13/lib/python3.13/site-packages/django/core/handlers/base.py", line 198, in _get_response
    response = wrapped_callback(request, *callback_args, **callback_kwargs)
  File "/Users/bhawyagulati/Documents/Projects/Expense-Tracker /expensetracker/expensetracker/urls.py", line 8, in frontend
    return render(request, 'index.html')
  File "/Library/Frameworks/Python.framework/Versions/3.13/lib/python3.13/site-packages/django/shortcuts.py", line 25, in render
    content = loader.render_to_string(template_name, context, request, using=using)
  File "/Library/Frameworks/Python.framework/Versions/3.13/lib/python3.13/site-packages/django/template/loader.py", line 61, in render_to_string
    template = get_template(template_name, using=using)
  File "/Library/Frameworks/Python.framework/Versions/3.13/lib/python3.13/site-packages/django/template/loader.py", line 19, in get_template
    raise TemplateDoesNotExist(template_name, chain=chain)
django.template.exceptions.TemplateDoesNotExist: index.html
ERROR 2026-05-14 19:41:40,928 log "GET /?error=oauth_failed HTTP/1.1" 500 82260
DEBUG 2026-05-14 19:44:40,078 views User 1 fetched expenses | filters: category=None start=None end=None
ERROR 2026-05-14 19:44:49,863 views Missing code_verifier in session. Sessions might not be persisting.
DEBUG 2026-05-14 19:44:57,128 views User 1 fetched expenses | filters: category=None start=None end=None
ERROR 2026-05-14 19:45:26,319 views Missing code_verifier in session. Sessions might not be persisting.
DEBUG 2026-05-14 19:45:33,379 views User 1 fetched expenses | filters: category=None start=None end=None
ERROR 2026-05-14 19:45:47,257 views ExpenseViewSet error: Authentication credentials were not provided.
Traceback (most recent call last):
  File "/Library/Frameworks/Python.framework/Versions/3.13/lib/python3.13/site-packages/rest_framework/views.py", line 503, in dispatch
    self.initial(request, *args, **kwargs)
    ~~~~~~~~~~~~^^^^^^^^^^^^^^^^^^^^^^^^^^
  File "/Library/Frameworks/Python.framework/Versions/3.13/lib/python3.13/site-packages/rest_framework/views.py", line 421, in initial
    self.check_permissions(request)
    ~~~~~~~~~~~~~~~~~~~~~~^^^^^^^^^
  File "/Library/Frameworks/Python.framework/Versions/3.13/lib/python3.13/site-packages/rest_framework/views.py", line 339, in check_permissions
    self.permission_denied(
    ~~~~~~~~~~~~~~~~~~~~~~^
        request,
        ^^^^^^^^
        message=getattr(permission, 'message', None),
        ^^^^^^^^^^^^^^^^^^^^^^^^^^^^^^^^^^^^^^^^^^^^^
        code=getattr(permission, 'code', None)
        ^^^^^^^^^^^^^^^^^^^^^^^^^^^^^^^^^^^^^^
    )
    ^
  File "/Library/Frameworks/Python.framework/Versions/3.13/lib/python3.13/site-packages/rest_framework/views.py", line 180, in permission_denied
    raise exceptions.NotAuthenticated()
rest_framework.exceptions.NotAuthenticated: Authentication credentials were not provided.
WARNING 2026-05-14 19:45:47,266 log Unauthorized: /api/expenses/
WARNING 2026-05-14 19:45:47,266 log "GET /api/expenses/ HTTP/1.1" 401 58
WARNING 2026-05-14 19:45:51,663 log Unauthorized: /api/token/
WARNING 2026-05-14 19:45:51,663 log "POST /api/token/ HTTP/1.1" 401 63
DEBUG 2026-05-14 19:46:05,024 views User 1 fetched expenses | filters: category=None start=None end=None
ERROR 2026-05-14 19:46:13,968 views Missing code_verifier in session. Sessions might not be persisting.
DEBUG 2026-05-14 19:46:21,455 views User 1 fetched expenses | filters: category=None start=None end=None
DEBUG 2026-05-14 19:48:23,656 views User 1 fetched expenses | filters: category=None start=None end=None
INFO 2026-05-14 19:48:43,738 views Created Google Sheet for bhawya: 12mowq9v7-ENuI57j8Dvfy3Uga7wiCtH029eWbRT7R6w
INFO 2026-05-14 19:48:43,739 views Google OAuth completed for bhawya
DEBUG 2026-05-14 19:48:50,291 views User 1 fetched expenses | filters: category=None start=None end=None
INFO 2026-05-14 19:49:09,699 views Expense created: id=1 amount=250.00 user=1
DEBUG 2026-05-14 19:49:16,686 views User 1 fetched expenses | filters: category=None start=None end=None
DEBUG 2026-05-14 19:49:26,494 views User 1 fetched expenses | filters: category=food start=None end=None
DEBUG 2026-05-14 19:49:36,870 views User 1 fetched expenses | filters: category=None start=None end=None
DEBUG 2026-05-14 19:49:48,207 views User 1 fetched expenses | filters: category=None start=None end=None
DEBUG 2026-05-14 19:49:55,424 views User 1 fetched expenses | filters: category=None start=None end=None
ERROR 2026-05-14 19:51:21,961 views ExpenseViewSet error: {'detail': ErrorDetail(string='Given token not valid for any token type', code='token_not_valid'), 'code': ErrorDetail(string='token_not_valid', code='token_not_valid'), 'messages': [{'token_class': ErrorDetail(string='AccessToken', code='token_not_valid'), 'token_type': ErrorDetail(string='access', code='token_not_valid'), 'message': ErrorDetail(string='Token is expired', code='token_not_valid')}]}
Traceback (most recent call last):
  File "/Library/Frameworks/Python.framework/Versions/3.13/lib/python3.13/site-packages/rest_framework/views.py", line 503, in dispatch
    self.initial(request, *args, **kwargs)
    ~~~~~~~~~~~~^^^^^^^^^^^^^^^^^^^^^^^^^^
  File "/Library/Frameworks/Python.framework/Versions/3.13/lib/python3.13/site-packages/rest_framework/views.py", line 420, in initial
    self.perform_authentication(request)
    ~~~~~~~~~~~~~~~~~~~~~~~~~~~^^^^^^^^^
  File "/Library/Frameworks/Python.framework/Versions/3.13/lib/python3.13/site-packages/rest_framework/views.py", line 330, in perform_authentication
    request.user
  File "/Library/Frameworks/Python.framework/Versions/3.13/lib/python3.13/site-packages/rest_framework/request.py", line 232, in user
    self._authenticate()
    ~~~~~~~~~~~~~~~~~~^^
  File "/Library/Frameworks/Python.framework/Versions/3.13/lib/python3.13/site-packages/rest_framework/request.py", line 385, in _authenticate
    user_auth_tuple = authenticator.authenticate(self)
  File "/Library/Frameworks/Python.framework/Versions/3.13/lib/python3.13/site-packages/rest_framework_simplejwt/authentication.py", line 49, in authenticate
    validated_token = self.get_validated_token(raw_token)
  File "/Library/Frameworks/Python.framework/Versions/3.13/lib/python3.13/site-packages/rest_framework_simplejwt/authentication.py", line 113, in get_validated_token
    raise InvalidToken(
    ...<4 lines>...
    )
rest_framework_simplejwt.exceptions.InvalidToken: {'detail': ErrorDetail(string='Given token not valid for any token type', code='token_not_valid'), 'code': ErrorDetail(string='token_not_valid', code='token_not_valid'), 'messages': [{'token_class': ErrorDetail(string='AccessToken', code='token_not_valid'), 'token_type': ErrorDetail(string='access', code='token_not_valid'), 'message': ErrorDetail(string='Token is expired', code='token_not_valid')}]}
WARNING 2026-05-14 19:51:21,973 log Unauthorized: /api/expenses/1/
WARNING 2026-05-14 19:51:21,975 log "PUT /api/expenses/1/ HTTP/1.1" 401 172
DEBUG 2026-05-14 19:51:29,781 views User 1 fetched expenses | filters: category=None start=None end=None
DEBUG 2026-05-14 19:51:37,681 views User 1 fetched expenses | filters: category=None start=None end=None
DEBUG 2026-05-14 19:51:50,972 views User 1 fetched expenses | filters: category=None start=None end=None
DEBUG 2026-05-14 19:52:08,671 views User 1 fetched expenses | filters: category=None start=None end=None
